[2020-08-08 15:58:12,592 INFO] 爬取表情包：就你话多|http://img.doutula.com/production/uploads/image/2020/08/08/20200808871023_JegZcK.jpg
[2020-08-08 15:58:12,905 INFO] 爬取图片+1
[2020-08-08 15:58:12,906 INFO] 爬取表情包：就你话多|http://img.doutula.com/production/uploads/image/2020/08/08/20200808871023_GENYxi.jpg
[2020-08-08 15:58:13,081 INFO] 爬取图片+1
[2020-08-08 15:58:13,082 INFO] 爬取表情包：就你话多|http://img.doutula.com/production/uploads/image/2020/08/08/20200808871023_OnZJrU.jpg
[2020-08-08 15:58:13,289 INFO] 爬取图片+1
[2020-08-08 15:58:13,289 INFO] 爬取表情包：就你话多|http://img.doutula.com/production/uploads/image/2020/08/08/20200808871023_JxFHPR.jpg
[2020-08-08 15:58:13,544 INFO] 爬取图片+1
[2020-08-08 15:58:13,545 INFO] 爬取表情包：对不起|http://img.doutula.com/production/uploads/image/2020/08/07/20200807784627_WbaqSV.jpg
[2020-08-08 15:58:13,915 INFO] 爬取图片+1
[2020-08-08 15:58:13,915 INFO] 爬取表情包：对不起|http://img.doutula.com/production/uploads/image/2020/08/07/20200807784627_REPlVY.jpg
[2020-08-08 15:58:14,866 INFO] 爬取图片+1
[2020-08-08 15:58:14,867 INFO] 爬取表情包：对不起|http://img.doutula.com/production/uploads/image/2020/08/07/20200807784628_zRHpTe.jpg
[2020-08-08 15:58:15,165 INFO] 爬取图片+1
[2020-08-08 15:58:15,165 INFO] 爬取表情包：对不起|http://img.doutula.com/production/uploads/image/2020/08/07/20200807784628_FGjqAC.jpg
[2020-08-08 15:58:15,918 INFO] 爬取图片+1
[2020-08-08 15:58:15,919 INFO] 爬取表情包：开枪|http://img.doutula.com/production/uploads/image/2020/08/06/20200806698227_PvGZlj.png
[2020-08-08 15:58:16,111 INFO] 爬取图片+1
[2020-08-08 15:58:16,111 INFO] None
[2020-08-08 15:58:16,111 INFO] 爬取表情包：开枪|http://img.doutula.com/production/uploads/image/2020/08/06/20200806698227_glcYIr.png
[2020-08-08 15:58:16,812 INFO] 爬取图片+1
[2020-08-08 15:58:16,813 INFO] 爬取表情包：开枪|http://img.doutula.com/production/uploads/image/2020/08/06/20200806698227_TBdoFh.png
[2020-08-08 15:58:17,026 INFO] 爬取图片+1
[2020-08-08 15:58:17,026 INFO] 爬取表情包：土味情话|http://img.doutula.com/production/uploads/image/2020/08/05/20200805611823_WiCqYz.jpg
[2020-08-08 15:58:17,247 INFO] 爬取图片+1
[2020-08-08 15:58:17,247 INFO] 爬取表情包：土味情话|http://img.doutula.com/production/uploads/image/2020/08/05/20200805611823_neHcEZ.jpg
[2020-08-08 15:58:17,569 INFO] 爬取图片+1
[2020-08-08 15:58:17,570 INFO] 爬取表情包：土味情话|http://img.doutula.com/production/uploads/image/2020/08/05/20200805611823_lBMAgn.jpg
[2020-08-08 15:58:17,703 INFO] 爬取图片+1
[2020-08-08 15:58:17,703 INFO] 爬取表情包：土味情话|http://img.doutula.com/production/uploads/image/2020/08/05/20200805611823_WvBDSG.jpg
[2020-08-08 15:58:17,883 INFO] 爬取图片+1
[2020-08-08 15:58:17,883 INFO] 爬取表情包：打一架|http://img.doutula.com/production/uploads/image/2020/08/03/20200803439023_chksbP.jpg
[2020-08-08 15:58:18,237 INFO] 爬取图片+1
[2020-08-08 15:58:18,238 INFO] 爬取表情包：打一架|http://img.doutula.com/production/uploads/image/2020/08/03/20200803439023_zDXiac.jpg
[2020-08-08 15:58:18,716 INFO] 爬取图片+1
[2020-08-08 15:58:18,716 INFO] 爬取表情包：打一架|http://img.doutula.com/production/uploads/image/2020/08/03/20200803439023_mkQRwU.jpg
[2020-08-08 15:58:18,998 INFO] 爬取图片+1
[2020-08-08 15:58:18,999 INFO] 爬取表情包：打一架|http://img.doutula.com/production/uploads/image/2020/08/03/20200803439024_trvzhg.jpg
[2020-08-08 15:58:19,289 INFO] 爬取图片+1
[2020-08-08 15:58:19,290 INFO] 爬取表情包：反迷你表情，他来了|http://img.doutula.com/production/uploads/image/2020/08/02/20200802352622_YjKTgk.png
[2020-08-08 15:58:20,084 INFO] 爬取图片+1
[2020-08-08 15:58:20,085 INFO] 爬取表情包：反迷你表情，他来了|http://img.doutula.com/production/uploads/image/2020/08/02/20200802352623_ArCtUc.png
[2020-08-08 15:58:20,924 INFO] 爬取图片+1
[2020-08-08 15:58:20,924 INFO] 爬取表情包：反迷你表情，他来了|http://img.doutula.com/production/uploads/image/2020/08/02/20200802352623_EoQCeY.png
[2020-08-08 15:58:21,536 INFO] 爬取图片+1
[2020-08-08 15:58:21,536 INFO] 爬取表情包：反迷你表情，他来了|http://img.doutula.com/production/uploads/image/2020/08/02/20200802352623_NKCMXc.png
[2020-08-08 15:58:23,231 INFO] 爬取图片+1
[2020-08-08 15:58:23,232 INFO] 爬取表情包：墨镜棒|http://img.doutula.com/production/uploads/image/2020/08/01/20200801266223_wEjrtG.jpg
[2020-08-08 15:58:23,359 INFO] 爬取图片+1
[2020-08-08 15:58:23,360 INFO] 爬取表情包：墨镜棒|http://img.doutula.com/production/uploads/image/2020/08/01/20200801266224_NlKIPm.jpg
[2020-08-08 15:58:23,482 INFO] 爬取图片+1
[2020-08-08 15:58:23,482 INFO] 爬取表情包：墨镜棒|http://img.doutula.com/production/uploads/image/2020/08/01/20200801266224_qTFBQg.jpg
[2020-08-08 15:58:23,595 INFO] 爬取图片+1
[2020-08-08 15:58:23,595 INFO] 爬取表情包：墨镜棒|http://img.doutula.com/production/uploads/image/2020/08/01/20200801266224_LCmUqV.jpg
[2020-08-08 15:58:23,745 INFO] 爬取图片+1
[2020-08-08 15:58:23,746 INFO] 爬取表情包：坤黑的日常|http://img.doutula.com/production/uploads/image/2020/07/31/20200731179827_lhEwjY.png
[2020-08-08 15:58:23,919 INFO] 爬取图片+1
[2020-08-08 15:58:23,920 INFO] 爬取表情包：坤黑的日常|http://img.doutula.com/production/uploads/image/2020/07/31/20200731179827_ZYLkFV.png
[2020-08-08 15:58:24,105 INFO] 爬取图片+1
[2020-08-08 15:58:24,106 INFO] 爬取表情包：坤黑的日常|http://img.doutula.com/production/uploads/image/2020/07/31/20200731179827_mktOes.png
[2020-08-08 15:58:24,288 INFO] 爬取图片+1
[2020-08-08 15:58:24,288 INFO] 爬取表情包：坤黑的日常|http://img.doutula.com/production/uploads/image/2020/07/31/20200731179827_afHtWK.png
[2020-08-08 15:58:24,472 INFO] 爬取图片+1
[2020-08-08 15:58:24,473 INFO] 爬取表情包：坦克表情包|http://img.doutula.com/production/uploads/image/2020/07/30/20200730093426_hEIBPK.png
[2020-08-08 15:58:25,501 INFO] 爬取图片+1
[2020-08-08 15:58:25,501 INFO] 爬取表情包：坦克表情包|http://img.doutula.com/production/uploads/image/2020/07/30/20200730093427_qzuopd.png
[2020-08-08 15:58:26,203 INFO] 爬取图片+1
[2020-08-08 15:58:26,203 INFO] 爬取表情包：坦克表情包|http://img.doutula.com/production/uploads/image/2020/07/30/20200730093427_TcPJnD.png
[2020-08-08 15:58:26,706 INFO] 爬取图片+1
[2020-08-08 15:58:26,707 INFO] 爬取表情包：坦克表情包|http://img.doutula.com/production/uploads/image/2020/07/30/20200730093427_oaAGeR.png
[2020-08-08 15:58:27,274 INFO] 爬取图片+1
[2020-08-08 15:58:27,274 INFO] None
[2020-08-08 15:58:27,274 INFO] None
[2020-08-08 15:58:27,274 INFO] None
[2020-08-08 15:58:27,274 INFO] None
[2020-08-08 15:58:30,551 INFO] 爬取表情包：杀手|http://img.doutula.com/production/uploads/image/2020/07/28/20200728920626_zoIaKD.jpg
[2020-08-08 15:58:30,763 INFO] 爬取图片+1
[2020-08-08 15:58:30,764 INFO] 爬取表情包：杀手|http://img.doutula.com/production/uploads/image/2020/07/28/20200728920627_tEMAOg.jpg
[2020-08-08 15:58:31,018 INFO] 爬取图片+1
[2020-08-08 15:58:31,019 INFO] 爬取表情包：杀手|http://img.doutula.com/production/uploads/image/2020/07/28/20200728920627_PMhJHZ.jpg
[2020-08-08 15:58:31,329 INFO] 爬取图片+1
[2020-08-08 15:58:31,330 INFO] 爬取表情包：杀手|http://img.doutula.com/production/uploads/image/2020/07/28/20200728920627_mVtMTD.jpg
[2020-08-08 15:58:32,338 INFO] 爬取图片+1
[2020-08-08 15:58:32,339 INFO] 爬取表情包：不写作业|http://img.doutula.com/production/uploads/image/2020/07/27/20200727834222_HYtmdG.jpg
[2020-08-08 15:58:33,133 INFO] 爬取图片+1
[2020-08-08 15:58:33,133 INFO] 爬取表情包：不写作业|http://img.doutula.com/production/uploads/image/2020/07/27/20200727834223_qSfYVy.jpg
[2020-08-08 15:58:33,308 INFO] 爬取图片+1
[2020-08-08 15:58:33,309 INFO] 爬取表情包：不写作业|http://img.doutula.com/production/uploads/image/2020/07/27/20200727834223_dwYOjb.jpg
[2020-08-08 15:58:33,497 INFO] 爬取图片+1
[2020-08-08 15:58:33,498 INFO] 爬取表情包：不写作业|http://img.doutula.com/production/uploads/image/2020/07/27/20200727834223_NrdfOH.jpg
[2020-08-08 15:58:33,696 INFO] 爬取图片+1
[2020-08-08 15:58:33,697 INFO] None
[2020-08-08 15:58:33,697 INFO] None
[2020-08-08 15:58:33,697 INFO] None
[2020-08-08 15:58:33,697 INFO] None
[2020-08-08 15:58:33,698 INFO] 爬取表情包：代拉夫吃小孩火锅|http://img.doutula.com/production/uploads/image/2020/07/25/20200725661426_VhczrK.png
[2020-08-08 15:58:34,009 INFO] 爬取图片+1
[2020-08-08 15:58:34,009 INFO] 爬取表情包：代拉夫吃小孩火锅|http://img.doutula.com/production/uploads/image/2020/07/25/20200725661426_XkpAIt.png
[2020-08-08 15:58:34,424 INFO] 爬取图片+1
[2020-08-08 15:58:34,424 INFO] 爬取表情包：代拉夫吃小孩火锅|http://img.doutula.com/production/uploads/image/2020/07/25/20200725661426_wmPKDI.png
[2020-08-08 15:58:34,940 INFO] 爬取图片+1
[2020-08-08 15:58:34,941 INFO] 爬取表情包：代拉夫吃小孩火锅|http://img.doutula.com/production/uploads/image/2020/07/25/20200725661426_lpYwFa.png
[2020-08-08 15:58:35,317 INFO] 爬取图片+1
[2020-08-08 15:58:35,318 INFO] None
[2020-08-08 15:58:35,318 INFO] None
[2020-08-08 15:58:35,318 INFO] None
[2020-08-08 15:58:35,318 INFO] None
[2020-08-08 15:58:35,318 INFO] 爬取表情包：钓鱼|http://img.doutula.com/production/uploads/image/2020/07/23/20200723488623_lhCWkg.png
[2020-08-08 15:58:35,562 INFO] 爬取图片+1
[2020-08-08 15:58:35,562 INFO] 爬取表情包：钓鱼|http://img.doutula.com/production/uploads/image/2020/07/23/20200723488623_zvHyFq.png
[2020-08-08 15:58:35,703 INFO] 爬取图片+1
[2020-08-08 15:58:35,704 INFO] 爬取表情包：钓鱼|http://img.doutula.com/production/uploads/image/2020/07/23/20200723488623_Chlqci.png
[2020-08-08 15:58:35,918 INFO] 爬取图片+1
[2020-08-08 15:58:35,919 INFO] 爬取表情包：钓鱼|http://img.doutula.com/production/uploads/image/2020/07/23/20200723488624_vgedwY.png
[2020-08-08 15:58:36,105 INFO] 爬取图片+1
[2020-08-08 15:58:36,106 INFO] None
[2020-08-08 15:58:36,106 INFO] None
[2020-08-08 15:58:36,106 INFO] None
[2020-08-08 15:58:36,106 INFO] None
[2020-08-08 15:58:36,106 INFO] 爬取表情包：钓鱼辣|http://img.doutula.com/production/uploads/image/2020/07/20/20200720229426_KFcusM.png
[2020-08-08 15:58:36,222 INFO] 爬取图片+1
[2020-08-08 15:58:36,222 INFO] 爬取表情包：钓鱼辣|http://img.doutula.com/production/uploads/image/2020/07/20/20200720229426_uploQv.png
[2020-08-08 15:58:36,396 INFO] 爬取图片+1
[2020-08-08 15:58:36,396 INFO] 爬取表情包：钓鱼辣|http://img.doutula.com/production/uploads/image/2020/07/20/20200720229426_crjsId.png
[2020-08-08 15:58:36,630 INFO] 爬取图片+1
[2020-08-08 15:58:36,631 INFO] 爬取表情包：钓鱼辣|http://img.doutula.com/production/uploads/image/2020/07/20/20200720229426_tJKQgZ.png
[2020-08-08 15:58:36,809 INFO] 爬取图片+1
[2020-08-08 15:58:36,809 INFO] 爬取表情包：楼上楼下|http://img.doutula.com/production/uploads/image/2020/07/19/20200719143022_WVtidE.jpg
[2020-08-08 15:58:37,027 INFO] 爬取图片+1
[2020-08-08 15:58:37,027 INFO] 爬取表情包：楼上楼下|http://img.doutula.com/production/uploads/image/2020/07/19/20200719143023_yBcUsb.jpg
[2020-08-08 15:58:37,203 INFO] 爬取图片+1
[2020-08-08 15:58:37,203 INFO] 爬取表情包：楼上楼下|http://img.doutula.com/production/uploads/image/2020/07/19/20200719143023_kUFrYs.jpg
[2020-08-08 15:58:37,321 INFO] 爬取图片+1
[2020-08-08 15:58:37,322 INFO] 爬取表情包：楼上楼下|http://img.doutula.com/production/uploads/image/2020/07/19/20200719143023_AQGSbV.jpg
[2020-08-08 15:58:37,533 INFO] 爬取图片+1
[2020-08-08 15:58:37,534 INFO] 爬取表情包：鸽友会|http://img.doutula.com/production/uploads/image/2020/07/18/20200718056627_RwYjbF.jpg
[2020-08-08 15:58:37,723 INFO] 爬取图片+1
[2020-08-08 15:58:37,723 INFO] 爬取表情包：鸽友会|http://img.doutula.com/production/uploads/image/2020/07/18/20200718056627_FHujLD.jpg
[2020-08-08 15:58:38,059 INFO] 爬取图片+1
[2020-08-08 15:58:38,059 INFO] 爬取表情包：鸽友会|http://img.doutula.com/production/uploads/image/2020/07/18/20200718056627_SHQBUx.jpg
[2020-08-08 15:58:38,290 INFO] 爬取图片+1
[2020-08-08 15:58:38,291 INFO] 爬取表情包：鸽友会|http://img.doutula.com/production/uploads/image/2020/07/18/20200718056627_kIQTMu.jpg
[2020-08-08 15:58:38,400 INFO] 爬取图片+1
[2020-08-08 16:07:36,761 INFO] 爬取表情包：就你话多|http://img.doutula.com/production/uploads/image/2020/08/08/20200808871023_JegZcK.jpg
[2020-08-08 16:07:36,961 INFO] 爬取图片+1
[2020-08-08 16:07:36,961 INFO] 爬取表情包：就你话多|http://img.doutula.com/production/uploads/image/2020/08/08/20200808871023_GENYxi.jpg
[2020-08-08 16:07:37,220 INFO] 爬取图片+1
[2020-08-08 16:07:37,221 INFO] 爬取表情包：就你话多|http://img.doutula.com/production/uploads/image/2020/08/08/20200808871023_OnZJrU.jpg
[2020-08-08 16:07:37,493 INFO] 爬取图片+1
[2020-08-08 16:07:37,493 INFO] 爬取表情包：就你话多|http://img.doutula.com/production/uploads/image/2020/08/08/20200808871023_JxFHPR.jpg
[2020-08-08 16:07:37,674 INFO] 爬取图片+1
[2020-08-08 16:07:37,674 INFO] 爬取表情包：对不起|http://img.doutula.com/production/uploads/image/2020/08/07/20200807784627_WbaqSV.jpg
[2020-08-08 16:07:37,972 INFO] 爬取图片+1
[2020-08-08 16:07:37,973 INFO] 爬取表情包：对不起|http://img.doutula.com/production/uploads/image/2020/08/07/20200807784627_REPlVY.jpg
[2020-08-08 16:07:38,245 INFO] 爬取图片+1
[2020-08-08 16:07:38,245 INFO] 爬取表情包：对不起|http://img.doutula.com/production/uploads/image/2020/08/07/20200807784628_zRHpTe.jpg
[2020-08-08 16:07:38,516 INFO] 爬取图片+1
[2020-08-08 16:07:38,517 INFO] 爬取表情包：对不起|http://img.doutula.com/production/uploads/image/2020/08/07/20200807784628_FGjqAC.jpg
[2020-08-08 16:07:38,758 INFO] 爬取图片+1
[2020-08-08 16:07:38,759 INFO] 爬取表情包：开枪|http://img.doutula.com/production/uploads/image/2020/08/06/20200806698227_PvGZlj.png
[2020-08-08 16:07:38,885 INFO] 爬取图片+1
[2020-08-08 16:07:38,885 ERROR] None
[2020-08-08 16:07:38,885 INFO] 爬取表情包：开枪|http://img.doutula.com/production/uploads/image/2020/08/06/20200806698227_glcYIr.png
[2020-08-08 16:07:39,083 INFO] 爬取图片+1
[2020-08-08 16:07:39,083 INFO] 爬取表情包：开枪|http://img.doutula.com/production/uploads/image/2020/08/06/20200806698227_TBdoFh.png
[2020-08-08 16:07:39,250 INFO] 爬取图片+1
[2020-08-08 16:07:39,251 INFO] 爬取表情包：土味情话|http://img.doutula.com/production/uploads/image/2020/08/05/20200805611823_WiCqYz.jpg
[2020-08-08 16:07:39,427 INFO] 爬取图片+1
[2020-08-08 16:07:39,427 INFO] 爬取表情包：土味情话|http://img.doutula.com/production/uploads/image/2020/08/05/20200805611823_neHcEZ.jpg
[2020-08-08 16:07:39,613 INFO] 爬取图片+1
[2020-08-08 16:07:39,614 INFO] 爬取表情包：土味情话|http://img.doutula.com/production/uploads/image/2020/08/05/20200805611823_lBMAgn.jpg
[2020-08-08 16:07:39,736 INFO] 爬取图片+1
[2020-08-08 16:07:39,736 INFO] 爬取表情包：土味情话|http://img.doutula.com/production/uploads/image/2020/08/05/20200805611823_WvBDSG.jpg
[2020-08-08 16:07:39,905 INFO] 爬取图片+1
[2020-08-08 16:07:39,905 INFO] 爬取表情包：打一架|http://img.doutula.com/production/uploads/image/2020/08/03/20200803439023_chksbP.jpg
[2020-08-08 16:07:40,188 INFO] 爬取图片+1
[2020-08-08 16:07:40,188 INFO] 爬取表情包：打一架|http://img.doutula.com/production/uploads/image/2020/08/03/20200803439023_zDXiac.jpg
[2020-08-08 16:07:40,476 INFO] 爬取图片+1
[2020-08-08 16:07:40,476 INFO] 爬取表情包：打一架|http://img.doutula.com/production/uploads/image/2020/08/03/20200803439023_mkQRwU.jpg
[2020-08-08 16:07:41,005 INFO] 爬取图片+1
[2020-08-08 16:07:41,006 INFO] 爬取表情包：打一架|http://img.doutula.com/production/uploads/image/2020/08/03/20200803439024_trvzhg.jpg
[2020-08-08 16:07:41,325 INFO] 爬取图片+1
[2020-08-08 16:07:41,326 INFO] 爬取表情包：反迷你表情，他来了|http://img.doutula.com/production/uploads/image/2020/08/02/20200802352622_YjKTgk.png
[2020-08-08 16:07:42,469 INFO] 爬取图片+1
[2020-08-08 16:07:42,470 INFO] 爬取表情包：反迷你表情，他来了|http://img.doutula.com/production/uploads/image/2020/08/02/20200802352623_ArCtUc.png
[2020-08-08 16:07:43,185 INFO] 爬取图片+1
[2020-08-08 16:07:43,185 INFO] 爬取表情包：反迷你表情，他来了|http://img.doutula.com/production/uploads/image/2020/08/02/20200802352623_EoQCeY.png
[2020-08-08 16:07:43,868 INFO] 爬取图片+1
[2020-08-08 16:07:43,868 INFO] 爬取表情包：反迷你表情，他来了|http://img.doutula.com/production/uploads/image/2020/08/02/20200802352623_NKCMXc.png
[2020-08-08 16:07:48,341 INFO] 爬取图片+1
[2020-08-08 16:07:48,341 INFO] 爬取表情包：墨镜棒|http://img.doutula.com/production/uploads/image/2020/08/01/20200801266223_wEjrtG.jpg
[2020-08-08 16:07:48,492 INFO] 爬取图片+1
[2020-08-08 16:07:48,492 INFO] 爬取表情包：墨镜棒|http://img.doutula.com/production/uploads/image/2020/08/01/20200801266224_NlKIPm.jpg
[2020-08-08 16:07:48,626 INFO] 爬取图片+1
[2020-08-08 16:07:48,626 INFO] 爬取表情包：墨镜棒|http://img.doutula.com/production/uploads/image/2020/08/01/20200801266224_qTFBQg.jpg
[2020-08-08 16:07:48,776 INFO] 爬取图片+1
[2020-08-08 16:07:48,776 INFO] 爬取表情包：墨镜棒|http://img.doutula.com/production/uploads/image/2020/08/01/20200801266224_LCmUqV.jpg
[2020-08-08 16:07:48,902 INFO] 爬取图片+1
[2020-08-08 16:07:48,903 INFO] 爬取表情包：坤黑的日常|http://img.doutula.com/production/uploads/image/2020/07/31/20200731179827_lhEwjY.png
[2020-08-08 16:07:49,106 INFO] 爬取图片+1
[2020-08-08 16:07:49,107 INFO] 爬取表情包：坤黑的日常|http://img.doutula.com/production/uploads/image/2020/07/31/20200731179827_ZYLkFV.png
[2020-08-08 16:07:49,278 INFO] 爬取图片+1
[2020-08-08 16:07:49,279 INFO] 爬取表情包：坤黑的日常|http://img.doutula.com/production/uploads/image/2020/07/31/20200731179827_mktOes.png
[2020-08-08 16:07:49,456 INFO] 爬取图片+1
[2020-08-08 16:07:49,456 INFO] 爬取表情包：坤黑的日常|http://img.doutula.com/production/uploads/image/2020/07/31/20200731179827_afHtWK.png
[2020-08-08 16:07:49,638 INFO] 爬取图片+1
[2020-08-08 16:07:49,638 INFO] 爬取表情包：坦克表情包|http://img.doutula.com/production/uploads/image/2020/07/30/20200730093426_hEIBPK.png
[2020-08-08 16:07:50,023 INFO] 爬取图片+1
[2020-08-08 16:07:50,023 INFO] 爬取表情包：坦克表情包|http://img.doutula.com/production/uploads/image/2020/07/30/20200730093427_qzuopd.png
[2020-08-08 16:07:50,506 INFO] 爬取图片+1
[2020-08-08 16:07:50,507 INFO] 爬取表情包：坦克表情包|http://img.doutula.com/production/uploads/image/2020/07/30/20200730093427_TcPJnD.png
[2020-08-08 16:07:51,061 INFO] 爬取图片+1
[2020-08-08 16:07:51,061 INFO] 爬取表情包：坦克表情包|http://img.doutula.com/production/uploads/image/2020/07/30/20200730093427_oaAGeR.png
[2020-08-08 16:07:52,903 INFO] 爬取图片+1
[2020-08-08 16:07:52,903 ERROR] None
[2020-08-08 16:07:52,903 ERROR] None
[2020-08-08 16:07:52,903 ERROR] None
[2020-08-08 16:07:52,903 ERROR] None
[2020-08-08 16:07:55,009 INFO] 爬取表情包：杀手|http://img.doutula.com/production/uploads/image/2020/07/28/20200728920626_zoIaKD.jpg
[2020-08-08 16:07:55,243 INFO] 爬取图片+1
[2020-08-08 16:07:55,245 INFO] 爬取表情包：杀手|http://img.doutula.com/production/uploads/image/2020/07/28/20200728920627_tEMAOg.jpg
[2020-08-08 16:07:55,575 INFO] 爬取图片+1
[2020-08-08 16:07:55,576 INFO] 爬取表情包：杀手|http://img.doutula.com/production/uploads/image/2020/07/28/20200728920627_PMhJHZ.jpg
[2020-08-08 16:07:55,865 INFO] 爬取图片+1
[2020-08-08 16:07:55,866 INFO] 爬取表情包：杀手|http://img.doutula.com/production/uploads/image/2020/07/28/20200728920627_mVtMTD.jpg
[2020-08-08 16:07:56,117 INFO] 爬取图片+1
[2020-08-08 16:07:56,117 INFO] 爬取表情包：不写作业|http://img.doutula.com/production/uploads/image/2020/07/27/20200727834222_HYtmdG.jpg
[2020-08-08 16:07:56,322 INFO] 爬取图片+1
[2020-08-08 16:07:56,322 INFO] 爬取表情包：不写作业|http://img.doutula.com/production/uploads/image/2020/07/27/20200727834223_qSfYVy.jpg
[2020-08-08 16:07:56,514 INFO] 爬取图片+1
[2020-08-08 16:07:56,515 INFO] 爬取表情包：不写作业|http://img.doutula.com/production/uploads/image/2020/07/27/20200727834223_dwYOjb.jpg
[2020-08-08 16:07:56,728 INFO] 爬取图片+1
[2020-08-08 16:07:56,728 INFO] 爬取表情包：不写作业|http://img.doutula.com/production/uploads/image/2020/07/27/20200727834223_NrdfOH.jpg
[2020-08-08 16:07:56,961 INFO] 爬取图片+1
[2020-08-08 16:07:56,962 ERROR] None
[2020-08-08 16:07:56,962 ERROR] None
[2020-08-08 16:07:56,962 ERROR] None
[2020-08-08 16:07:56,962 ERROR] None
[2020-08-08 16:07:56,962 INFO] 爬取表情包：代拉夫吃小孩火锅|http://img.doutula.com/production/uploads/image/2020/07/25/20200725661426_VhczrK.png
[2020-08-08 16:07:57,335 INFO] 爬取图片+1
[2020-08-08 16:07:57,336 INFO] 爬取表情包：代拉夫吃小孩火锅|http://img.doutula.com/production/uploads/image/2020/07/25/20200725661426_XkpAIt.png
[2020-08-08 16:07:57,647 INFO] 爬取图片+1
[2020-08-08 16:07:57,648 INFO] 爬取表情包：代拉夫吃小孩火锅|http://img.doutula.com/production/uploads/image/2020/07/25/20200725661426_wmPKDI.png
[2020-08-08 16:07:58,125 INFO] 爬取图片+1
[2020-08-08 16:07:58,125 INFO] 爬取表情包：代拉夫吃小孩火锅|http://img.doutula.com/production/uploads/image/2020/07/25/20200725661426_lpYwFa.png
[2020-08-08 16:07:58,795 INFO] 爬取图片+1
[2020-08-08 16:07:58,796 ERROR] None
[2020-08-08 16:07:58,796 ERROR] None
[2020-08-08 16:07:58,796 ERROR] None
[2020-08-08 16:07:58,796 ERROR] None
[2020-08-08 16:07:58,796 INFO] 爬取表情包：钓鱼|http://img.doutula.com/production/uploads/image/2020/07/23/20200723488623_lhCWkg.png
[2020-08-08 16:07:58,974 INFO] 爬取图片+1
[2020-08-08 16:07:58,975 INFO] 爬取表情包：钓鱼|http://img.doutula.com/production/uploads/image/2020/07/23/20200723488623_zvHyFq.png
[2020-08-08 16:07:59,120 INFO] 爬取图片+1
[2020-08-08 16:07:59,121 INFO] 爬取表情包：钓鱼|http://img.doutula.com/production/uploads/image/2020/07/23/20200723488623_Chlqci.png
[2020-08-08 16:07:59,294 INFO] 爬取图片+1
[2020-08-08 16:07:59,295 INFO] 爬取表情包：钓鱼|http://img.doutula.com/production/uploads/image/2020/07/23/20200723488624_vgedwY.png
[2020-08-08 16:07:59,465 INFO] 爬取图片+1
[2020-08-08 16:07:59,466 ERROR] None
[2020-08-08 16:07:59,466 ERROR] None
[2020-08-08 16:07:59,466 ERROR] None
[2020-08-08 16:07:59,466 ERROR] None
[2020-08-08 16:07:59,466 INFO] 爬取表情包：钓鱼辣|http://img.doutula.com/production/uploads/image/2020/07/20/20200720229426_KFcusM.png
[2020-08-08 16:07:59,598 INFO] 爬取图片+1
[2020-08-08 16:07:59,599 INFO] 爬取表情包：钓鱼辣|http://img.doutula.com/production/uploads/image/2020/07/20/20200720229426_uploQv.png
[2020-08-08 16:07:59,764 INFO] 爬取图片+1
[2020-08-08 16:07:59,764 INFO] 爬取表情包：钓鱼辣|http://img.doutula.com/production/uploads/image/2020/07/20/20200720229426_crjsId.png
[2020-08-08 16:07:59,940 INFO] 爬取图片+1
[2020-08-08 16:07:59,940 INFO] 爬取表情包：钓鱼辣|http://img.doutula.com/production/uploads/image/2020/07/20/20200720229426_tJKQgZ.png
[2020-08-08 16:08:00,207 INFO] 爬取图片+1
[2020-08-08 16:08:00,208 INFO] 爬取表情包：楼上楼下|http://img.doutula.com/production/uploads/image/2020/07/19/20200719143022_WVtidE.jpg
[2020-08-08 16:08:00,397 INFO] 爬取图片+1
[2020-08-08 16:08:00,397 INFO] 爬取表情包：楼上楼下|http://img.doutula.com/production/uploads/image/2020/07/19/20200719143023_yBcUsb.jpg
[2020-08-08 16:08:00,583 INFO] 爬取图片+1
[2020-08-08 16:08:00,583 INFO] 爬取表情包：楼上楼下|http://img.doutula.com/production/uploads/image/2020/07/19/20200719143023_kUFrYs.jpg
[2020-08-08 16:08:00,711 INFO] 爬取图片+1
[2020-08-08 16:08:00,712 INFO] 爬取表情包：楼上楼下|http://img.doutula.com/production/uploads/image/2020/07/19/20200719143023_AQGSbV.jpg
[2020-08-08 16:08:00,874 INFO] 爬取图片+1
[2020-08-08 16:08:00,875 INFO] 爬取表情包：鸽友会|http://img.doutula.com/production/uploads/image/2020/07/18/20200718056627_RwYjbF.jpg
[2020-08-08 16:08:01,090 INFO] 爬取图片+1
[2020-08-08 16:08:01,091 INFO] 爬取表情包：鸽友会|http://img.doutula.com/production/uploads/image/2020/07/18/20200718056627_FHujLD.jpg
[2020-08-08 16:08:01,425 INFO] 爬取图片+1
[2020-08-08 16:08:01,425 INFO] 爬取表情包：鸽友会|http://img.doutula.com/production/uploads/image/2020/07/18/20200718056627_SHQBUx.jpg
[2020-08-08 16:08:01,708 INFO] 爬取图片+1
[2020-08-08 16:08:01,709 INFO] 爬取表情包：鸽友会|http://img.doutula.com/production/uploads/image/2020/07/18/20200718056627_kIQTMu.jpg
[2020-08-08 16:08:01,850 INFO] 爬取图片+1
[2020-08-08 16:08:05,501 INFO] 爬取表情包：让我们把JOJO的精神发扬光大|http://img.doutula.com/production/uploads/image/2020/07/17/20200717970222_IhvGgx.jpg
[2020-08-08 16:08:05,753 INFO] 爬取图片+1
[2020-08-08 16:08:05,753 INFO] 爬取表情包：让我们把JOJO的精神发扬光大|http://img.doutula.com/production/uploads/image/2020/07/17/20200717970222_YvzuBb.jpg
[2020-08-08 16:08:06,104 INFO] 爬取图片+1
[2020-08-08 16:08:06,105 INFO] 爬取表情包：让我们把JOJO的精神发扬光大|http://img.doutula.com/production/uploads/image/2020/07/17/20200717970223_waiLAt.jpg
[2020-08-08 16:08:06,327 INFO] 爬取图片+1
[2020-08-08 16:08:06,328 INFO] 爬取表情包：让我们把JOJO的精神发扬光大|http://img.doutula.com/production/uploads/image/2020/07/17/20200717970223_SvpmVq.jpg
[2020-08-08 16:08:06,946 INFO] 爬取图片+1
[2020-08-08 16:08:06,946 INFO] 爬取表情包：滑稽胜利|http://img.doutula.com/production/uploads/image/2020/07/16/20200716883822_xSzpFP.png
[2020-08-08 16:08:07,272 INFO] 爬取图片+1
[2020-08-08 16:08:07,273 INFO] 爬取表情包：滑稽胜利|http://img.doutula.com/production/uploads/image/2020/07/16/20200716883822_Cuotle.png
[2020-08-08 16:08:07,497 INFO] 爬取图片+1
[2020-08-08 16:08:07,498 INFO] 爬取表情包：滑稽胜利|http://img.doutula.com/production/uploads/image/2020/07/16/20200716883822_NPSwRM.png
[2020-08-08 16:08:59,102 INFO] 爬取表情包：就你话多|http://img.doutula.com/production/uploads/image/2020/08/08/20200808871023_JegZcK.jpg
[2020-08-08 16:08:59,325 INFO] 爬取图片+1
[2020-08-08 16:08:59,326 INFO] 爬取表情包：就你话多|http://img.doutula.com/production/uploads/image/2020/08/08/20200808871023_GENYxi.jpg
[2020-08-08 16:08:59,502 INFO] 爬取图片+1
[2020-08-08 16:08:59,503 INFO] 爬取表情包：就你话多|http://img.doutula.com/production/uploads/image/2020/08/08/20200808871023_OnZJrU.jpg
[2020-08-08 16:08:59,677 INFO] 爬取图片+1
[2020-08-08 16:08:59,677 INFO] 爬取表情包：就你话多|http://img.doutula.com/production/uploads/image/2020/08/08/20200808871023_JxFHPR.jpg
[2020-08-08 16:08:59,904 INFO] 爬取图片+1
[2020-08-08 16:08:59,905 INFO] 爬取表情包：对不起|http://img.doutula.com/production/uploads/image/2020/08/07/20200807784627_WbaqSV.jpg
[2020-08-08 16:09:00,411 INFO] 爬取图片+1
[2020-08-08 16:09:00,411 INFO] 爬取表情包：对不起|http://img.doutula.com/production/uploads/image/2020/08/07/20200807784627_REPlVY.jpg
[2020-08-08 16:09:00,642 INFO] 爬取图片+1
[2020-08-08 16:09:00,642 INFO] 爬取表情包：对不起|http://img.doutula.com/production/uploads/image/2020/08/07/20200807784628_zRHpTe.jpg
[2020-08-08 16:09:00,879 INFO] 爬取图片+1
[2020-08-08 16:09:00,879 INFO] 爬取表情包：对不起|http://img.doutula.com/production/uploads/image/2020/08/07/20200807784628_FGjqAC.jpg
[2020-08-08 16:09:01,148 INFO] 爬取图片+1
[2020-08-08 16:09:01,149 INFO] 爬取表情包：开枪|http://img.doutula.com/production/uploads/image/2020/08/06/20200806698227_PvGZlj.png
[2020-08-08 16:09:01,296 INFO] 爬取图片+1
[2020-08-08 16:09:01,296 ERROR] None
[2020-08-08 16:09:01,297 INFO] 爬取表情包：开枪|http://img.doutula.com/production/uploads/image/2020/08/06/20200806698227_glcYIr.png
[2020-08-08 16:09:01,507 INFO] 爬取图片+1
[2020-08-08 16:09:01,508 INFO] 爬取表情包：开枪|http://img.doutula.com/production/uploads/image/2020/08/06/20200806698227_TBdoFh.png
[2020-08-08 16:09:01,716 INFO] 爬取图片+1
[2020-08-08 16:09:01,716 INFO] 爬取表情包：土味情话|http://img.doutula.com/production/uploads/image/2020/08/05/20200805611823_WiCqYz.jpg
[2020-08-08 16:09:01,912 INFO] 爬取图片+1
[2020-08-08 16:09:01,912 INFO] 爬取表情包：土味情话|http://img.doutula.com/production/uploads/image/2020/08/05/20200805611823_neHcEZ.jpg
[2020-08-08 16:09:02,105 INFO] 爬取图片+1
[2020-08-08 16:09:02,105 INFO] 爬取表情包：土味情话|http://img.doutula.com/production/uploads/image/2020/08/05/20200805611823_lBMAgn.jpg
[2020-08-08 16:09:02,240 INFO] 爬取图片+1
[2020-08-08 16:09:02,240 INFO] 爬取表情包：土味情话|http://img.doutula.com/production/uploads/image/2020/08/05/20200805611823_WvBDSG.jpg
[2020-08-08 16:09:02,435 INFO] 爬取图片+1
[2020-08-08 16:09:02,435 INFO] 爬取表情包：打一架|http://img.doutula.com/production/uploads/image/2020/08/03/20200803439023_chksbP.jpg
[2020-08-08 16:09:02,789 INFO] 爬取图片+1
[2020-08-08 16:09:02,789 INFO] 爬取表情包：打一架|http://img.doutula.com/production/uploads/image/2020/08/03/20200803439023_zDXiac.jpg
[2020-08-08 16:09:03,078 INFO] 爬取图片+1
[2020-08-08 16:09:03,078 INFO] 爬取表情包：打一架|http://img.doutula.com/production/uploads/image/2020/08/03/20200803439023_mkQRwU.jpg
[2020-08-08 16:09:03,550 INFO] 爬取图片+1
[2020-08-08 16:09:03,551 INFO] 爬取表情包：打一架|http://img.doutula.com/production/uploads/image/2020/08/03/20200803439024_trvzhg.jpg
[2020-08-08 16:09:03,837 INFO] 爬取图片+1
[2020-08-08 16:09:03,837 INFO] 爬取表情包：反迷你表情，他来了|http://img.doutula.com/production/uploads/image/2020/08/02/20200802352622_YjKTgk.png
[2020-08-08 16:09:04,358 INFO] 爬取图片+1
[2020-08-08 16:09:04,359 INFO] 爬取表情包：反迷你表情，他来了|http://img.doutula.com/production/uploads/image/2020/08/02/20200802352623_ArCtUc.png
[2020-08-08 16:09:04,975 INFO] 爬取图片+1
[2020-08-08 16:09:04,975 INFO] 爬取表情包：反迷你表情，他来了|http://img.doutula.com/production/uploads/image/2020/08/02/20200802352623_EoQCeY.png
[2020-08-08 16:09:05,217 INFO] 爬取图片+1
[2020-08-08 16:09:05,218 INFO] 爬取表情包：反迷你表情，他来了|http://img.doutula.com/production/uploads/image/2020/08/02/20200802352623_NKCMXc.png
[2020-08-08 16:09:20,977 INFO] 爬取图片+1
[2020-08-08 16:09:20,978 INFO] 爬取表情包：墨镜棒|http://img.doutula.com/production/uploads/image/2020/08/01/20200801266223_wEjrtG.jpg
[2020-08-08 16:09:21,315 INFO] 爬取图片+1
[2020-08-08 16:09:21,315 INFO] 爬取表情包：墨镜棒|http://img.doutula.com/production/uploads/image/2020/08/01/20200801266224_NlKIPm.jpg
[2020-08-08 16:09:21,576 INFO] 爬取图片+1
[2020-08-08 16:09:21,576 INFO] 爬取表情包：墨镜棒|http://img.doutula.com/production/uploads/image/2020/08/01/20200801266224_qTFBQg.jpg
[2020-08-08 16:09:22,145 INFO] 爬取图片+1
[2020-08-08 16:09:22,145 INFO] 爬取表情包：墨镜棒|http://img.doutula.com/production/uploads/image/2020/08/01/20200801266224_LCmUqV.jpg
[2020-08-08 16:09:22,826 INFO] 爬取图片+1
[2020-08-08 16:09:22,826 INFO] 爬取表情包：坤黑的日常|http://img.doutula.com/production/uploads/image/2020/07/31/20200731179827_lhEwjY.png
[2020-08-08 16:09:23,021 INFO] 爬取图片+1
[2020-08-08 16:09:23,021 INFO] 爬取表情包：坤黑的日常|http://img.doutula.com/production/uploads/image/2020/07/31/20200731179827_ZYLkFV.png
[2020-08-08 16:09:23,259 INFO] 爬取图片+1
[2020-08-08 16:09:23,259 INFO] 爬取表情包：坤黑的日常|http://img.doutula.com/production/uploads/image/2020/07/31/20200731179827_mktOes.png
[2020-08-08 16:09:23,521 INFO] 爬取图片+1
[2020-08-08 16:09:23,521 INFO] 爬取表情包：坤黑的日常|http://img.doutula.com/production/uploads/image/2020/07/31/20200731179827_afHtWK.png
[2020-08-08 16:09:23,899 INFO] 爬取图片+1
[2020-08-08 16:09:23,899 INFO] 爬取表情包：坦克表情包|http://img.doutula.com/production/uploads/image/2020/07/30/20200730093426_hEIBPK.png
[2020-08-08 16:09:25,835 INFO] 爬取图片+1
[2020-08-08 16:09:25,835 INFO] 爬取表情包：坦克表情包|http://img.doutula.com/production/uploads/image/2020/07/30/20200730093427_qzuopd.png
[2020-08-08 16:09:26,616 INFO] 爬取图片+1
[2020-08-08 16:09:26,617 INFO] 爬取表情包：坦克表情包|http://img.doutula.com/production/uploads/image/2020/07/30/20200730093427_TcPJnD.png
[2020-08-08 16:09:27,617 INFO] 爬取图片+1
[2020-08-08 16:09:27,617 INFO] 爬取表情包：坦克表情包|http://img.doutula.com/production/uploads/image/2020/07/30/20200730093427_oaAGeR.png
[2020-08-08 16:09:29,889 INFO] 爬取图片+1
[2020-08-08 16:09:29,889 ERROR] None
[2020-08-08 16:09:29,889 ERROR] None
[2020-08-08 16:09:29,889 ERROR] None
[2020-08-08 16:09:29,890 ERROR] None
[2020-08-08 16:09:34,896 INFO] 爬取表情包：杀手|http://img.doutula.com/production/uploads/image/2020/07/28/20200728920626_zoIaKD.jpg
[2020-08-08 16:09:35,523 INFO] 爬取图片+1
[2020-08-08 16:09:35,524 INFO] 爬取表情包：杀手|http://img.doutula.com/production/uploads/image/2020/07/28/20200728920627_tEMAOg.jpg
[2020-08-08 16:09:36,337 INFO] 爬取图片+1
[2020-08-08 16:09:36,337 INFO] 爬取表情包：杀手|http://img.doutula.com/production/uploads/image/2020/07/28/20200728920627_PMhJHZ.jpg
[2020-08-08 16:09:39,247 INFO] 爬取图片+1
[2020-08-08 16:09:39,248 INFO] 爬取表情包：杀手|http://img.doutula.com/production/uploads/image/2020/07/28/20200728920627_mVtMTD.jpg
[2020-08-08 16:09:39,841 INFO] 爬取图片+1
[2020-08-08 16:09:39,842 INFO] 爬取表情包：不写作业|http://img.doutula.com/production/uploads/image/2020/07/27/20200727834222_HYtmdG.jpg
[2020-08-08 16:09:40,116 INFO] 爬取图片+1
[2020-08-08 16:09:40,116 INFO] 爬取表情包：不写作业|http://img.doutula.com/production/uploads/image/2020/07/27/20200727834223_qSfYVy.jpg
[2020-08-08 16:09:40,311 INFO] 爬取图片+1
[2020-08-08 16:09:40,312 INFO] 爬取表情包：不写作业|http://img.doutula.com/production/uploads/image/2020/07/27/20200727834223_dwYOjb.jpg
[2020-08-08 16:09:40,732 INFO] 爬取图片+1
[2020-08-08 16:09:40,733 INFO] 爬取表情包：不写作业|http://img.doutula.com/production/uploads/image/2020/07/27/20200727834223_NrdfOH.jpg
[2020-08-08 16:09:41,029 INFO] 爬取图片+1
[2020-08-08 16:09:41,029 ERROR] None
[2020-08-08 16:09:41,029 ERROR] None
[2020-08-08 16:09:41,030 ERROR] None
[2020-08-08 16:09:41,030 ERROR] None
[2020-08-08 16:09:41,030 INFO] 爬取表情包：代拉夫吃小孩火锅|http://img.doutula.com/production/uploads/image/2020/07/25/20200725661426_VhczrK.png
[2020-08-08 16:09:42,186 INFO] 爬取图片+1
[2020-08-08 16:09:42,186 INFO] 爬取表情包：代拉夫吃小孩火锅|http://img.doutula.com/production/uploads/image/2020/07/25/20200725661426_XkpAIt.png
[2020-08-08 16:09:49,501 INFO] 爬取图片+1
[2020-08-08 16:09:49,501 INFO] 爬取表情包：代拉夫吃小孩火锅|http://img.doutula.com/production/uploads/image/2020/07/25/20200725661426_wmPKDI.png
[2020-08-08 16:09:49,877 INFO] 爬取图片+1
[2020-08-08 16:09:49,877 INFO] 爬取表情包：代拉夫吃小孩火锅|http://img.doutula.com/production/uploads/image/2020/07/25/20200725661426_lpYwFa.png
[2020-08-08 16:09:50,390 INFO] 爬取图片+1
[2020-08-08 16:09:50,390 ERROR] None
[2020-08-08 16:09:50,390 ERROR] None
[2020-08-08 16:09:50,390 ERROR] None
[2020-08-08 16:09:50,390 ERROR] None
[2020-08-08 16:09:50,391 INFO] 爬取表情包：钓鱼|http://img.doutula.com/production/uploads/image/2020/07/23/20200723488623_lhCWkg.png
[2020-08-08 16:09:50,655 INFO] 爬取图片+1
[2020-08-08 16:09:50,655 INFO] 爬取表情包：钓鱼|http://img.doutula.com/production/uploads/image/2020/07/23/20200723488623_zvHyFq.png
[2020-08-08 16:09:51,143 INFO] 爬取图片+1
[2020-08-08 16:09:51,143 INFO] 爬取表情包：钓鱼|http://img.doutula.com/production/uploads/image/2020/07/23/20200723488623_Chlqci.png
[2020-08-08 16:09:51,393 INFO] 爬取图片+1
[2020-08-08 16:09:51,394 INFO] 爬取表情包：钓鱼|http://img.doutula.com/production/uploads/image/2020/07/23/20200723488624_vgedwY.png
[2020-08-08 16:09:51,599 INFO] 爬取图片+1
[2020-08-08 16:09:51,599 ERROR] None
[2020-08-08 16:09:51,599 ERROR] None
[2020-08-08 16:09:51,599 ERROR] None
[2020-08-08 16:09:51,599 ERROR] None
[2020-08-08 16:09:51,601 INFO] 爬取表情包：钓鱼辣|http://img.doutula.com/production/uploads/image/2020/07/20/20200720229426_KFcusM.png
[2020-08-08 16:09:51,801 INFO] 爬取图片+1
[2020-08-08 16:09:51,801 INFO] 爬取表情包：钓鱼辣|http://img.doutula.com/production/uploads/image/2020/07/20/20200720229426_uploQv.png
[2020-08-08 16:09:52,007 INFO] 爬取图片+1
[2020-08-08 16:09:52,007 INFO] 爬取表情包：钓鱼辣|http://img.doutula.com/production/uploads/image/2020/07/20/20200720229426_crjsId.png
[2020-08-08 16:09:52,216 INFO] 爬取图片+1
[2020-08-08 16:09:52,216 INFO] 爬取表情包：钓鱼辣|http://img.doutula.com/production/uploads/image/2020/07/20/20200720229426_tJKQgZ.png
[2020-08-08 16:09:52,444 INFO] 爬取图片+1
[2020-08-08 16:09:52,445 INFO] 爬取表情包：楼上楼下|http://img.doutula.com/production/uploads/image/2020/07/19/20200719143022_WVtidE.jpg
[2020-08-08 16:09:52,778 INFO] 爬取图片+1
[2020-08-08 16:09:52,779 INFO] 爬取表情包：楼上楼下|http://img.doutula.com/production/uploads/image/2020/07/19/20200719143023_yBcUsb.jpg
[2020-08-08 16:09:53,081 INFO] 爬取图片+1
[2020-08-08 16:09:53,082 INFO] 爬取表情包：楼上楼下|http://img.doutula.com/production/uploads/image/2020/07/19/20200719143023_kUFrYs.jpg
[2020-08-08 16:09:53,313 INFO] 爬取图片+1
[2020-08-08 16:09:53,314 INFO] 爬取表情包：楼上楼下|http://img.doutula.com/production/uploads/image/2020/07/19/20200719143023_AQGSbV.jpg
[2020-08-08 16:09:53,590 INFO] 爬取图片+1
[2020-08-08 16:09:53,591 INFO] 爬取表情包：鸽友会|http://img.doutula.com/production/uploads/image/2020/07/18/20200718056627_RwYjbF.jpg
[2020-08-08 16:09:53,775 INFO] 爬取图片+1
[2020-08-08 16:09:53,776 INFO] 爬取表情包：鸽友会|http://img.doutula.com/production/uploads/image/2020/07/18/20200718056627_FHujLD.jpg
[2020-08-08 16:09:54,245 INFO] 爬取图片+1
[2020-08-08 16:09:54,246 INFO] 爬取表情包：鸽友会|http://img.doutula.com/production/uploads/image/2020/07/18/20200718056627_SHQBUx.jpg
[2020-08-08 16:09:54,634 INFO] 爬取图片+1
[2020-08-08 16:09:54,635 INFO] 爬取表情包：鸽友会|http://img.doutula.com/production/uploads/image/2020/07/18/20200718056627_kIQTMu.jpg
[2020-08-08 16:09:54,832 INFO] 爬取图片+1
[2020-08-08 16:10:04,254 INFO] 爬取表情包：让我们把JOJO的精神发扬光大|http://img.doutula.com/production/uploads/image/2020/07/17/20200717970222_IhvGgx.jpg
[2020-08-08 16:10:04,596 INFO] 爬取图片+1
[2020-08-08 16:10:04,596 INFO] 爬取表情包：让我们把JOJO的精神发扬光大|http://img.doutula.com/production/uploads/image/2020/07/17/20200717970222_YvzuBb.jpg
[2020-08-08 16:10:04,886 INFO] 爬取图片+1
[2020-08-08 16:10:04,886 INFO] 爬取表情包：让我们把JOJO的精神发扬光大|http://img.doutula.com/production/uploads/image/2020/07/17/20200717970223_waiLAt.jpg
[2020-08-08 16:10:05,083 INFO] 爬取图片+1
[2020-08-08 16:10:05,083 INFO] 爬取表情包：让我们把JOJO的精神发扬光大|http://img.doutula.com/production/uploads/image/2020/07/17/20200717970223_SvpmVq.jpg
[2020-08-08 16:10:05,471 INFO] 爬取图片+1
[2020-08-08 16:10:05,471 INFO] 爬取表情包：滑稽胜利|http://img.doutula.com/production/uploads/image/2020/07/16/20200716883822_xSzpFP.png
[2020-08-08 16:10:05,995 INFO] 爬取图片+1
[2020-08-08 16:10:05,995 INFO] 爬取表情包：滑稽胜利|http://img.doutula.com/production/uploads/image/2020/07/16/20200716883822_Cuotle.png
[2020-08-08 16:10:06,417 INFO] 爬取图片+1
[2020-08-08 16:10:06,417 INFO] 爬取表情包：滑稽胜利|http://img.doutula.com/production/uploads/image/2020/07/16/20200716883822_NPSwRM.png
[2020-08-08 16:10:07,371 INFO] 爬取图片+1
[2020-08-08 16:10:07,371 INFO] 爬取表情包：滑稽胜利|http://img.doutula.com/production/uploads/image/2020/07/16/20200716883823_cZxVgL.png
[2020-08-08 16:10:07,914 INFO] 爬取图片+1
[2020-08-08 16:10:07,914 ERROR] None
[2020-08-08 16:10:07,914 ERROR] None
[2020-08-08 16:10:07,914 ERROR] None
[2020-08-08 16:10:07,914 ERROR] None
[2020-08-08 16:10:07,914 INFO] 爬取表情包：代拉夫又双吃小孩火锅了|http://img.doutula.com/production/uploads/image/2020/07/14/20200714711027_zXwcBR.png
[2020-08-08 16:10:08,280 INFO] 爬取图片+1
[2020-08-08 16:10:08,281 INFO] 爬取表情包：代拉夫又双吃小孩火锅了|http://img.doutula.com/production/uploads/image/2020/07/14/20200714711027_chwPKg.png
[2020-08-08 16:10:09,067 INFO] 爬取图片+1
[2020-08-08 16:10:09,069 INFO] 爬取表情包：代拉夫又双吃小孩火锅了|http://img.doutula.com/production/uploads/image/2020/07/14/20200714711028_cdSkVg.png
[2020-08-08 16:10:09,826 INFO] 爬取图片+1
[2020-08-08 16:10:09,826 INFO] 爬取表情包：代拉夫又双吃小孩火锅了|http://img.doutula.com/production/uploads/image/2020/07/14/20200714711028_VhywxN.png
[2020-08-08 16:10:10,347 INFO] 爬取图片+1
[2020-08-08 16:10:10,347 INFO] 爬取表情包：B站鬼畜|http://img.doutula.com/production/uploads/image/2020/07/13/20200713624626_aXFmUV.jpg
[2020-08-08 16:10:10,602 INFO] 爬取图片+1
[2020-08-08 16:10:10,602 INFO] 爬取表情包：B站鬼畜|http://img.doutula.com/production/uploads/image/2020/07/13/20200713624627_eIprBG.jpg
[2020-08-08 16:10:10,817 INFO] 爬取图片+1
[2020-08-08 16:10:10,817 INFO] 爬取表情包：B站鬼畜|http://img.doutula.com/production/uploads/image/2020/07/13/20200713624627_OSWjED.jpg
[2020-08-08 16:10:11,164 INFO] 爬取图片+1
[2020-08-08 16:10:11,164 INFO] 爬取表情包：B站鬼畜|http://img.doutula.com/production/uploads/image/2020/07/13/20200713624627_IzHuFq.jpg
[2020-08-08 16:10:11,501 INFO] 爬取图片+1
[2020-08-08 16:10:11,502 ERROR] None
[2020-08-08 16:10:11,502 ERROR] None
[2020-08-08 16:10:11,502 ERROR] None
[2020-08-08 16:10:11,502 ERROR] None
[2020-08-08 16:10:11,502 ERROR] None
[2020-08-08 16:10:11,503 ERROR] None
[2020-08-08 16:10:11,503 ERROR] None
[2020-08-08 16:10:11,503 ERROR] None
[2020-08-08 16:10:11,503 INFO] 爬取表情包：呃呃|http://img.doutula.com/production/uploads/image/2020/07/10/20200710365427_aTqkAj.jpeg
[2020-08-08 16:10:11,852 INFO] 爬取图片+1
[2020-08-08 16:10:11,853 INFO] 爬取表情包：呃呃|http://img.doutula.com/production/uploads/image/2020/07/10/20200710365427_EnmycX.jpg
[2020-08-08 16:10:12,445 INFO] 爬取图片+1
[2020-08-08 16:10:12,445 INFO] 爬取表情包：呃呃|http://img.doutula.com/production/uploads/image/2020/07/10/20200710365427_gBtEaU.jpg
[2020-08-08 16:10:12,796 INFO] 爬取图片+1
[2020-08-08 16:10:12,797 INFO] 爬取表情包：呃呃|http://img.doutula.com/production/uploads/image/2020/07/10/20200710365428_CbkwnN.jpg
[2020-08-08 16:10:13,157 INFO] 爬取图片+1
[2020-08-08 16:10:13,157 INFO] 爬取表情包：按头杀|http://img.doutula.com/production/uploads/image/2020/07/09/20200709279027_BJeiaM.jpg
[2020-08-08 16:10:13,574 INFO] 爬取图片+1
[2020-08-08 16:10:13,575 INFO] 爬取表情包：按头杀|http://img.doutula.com/production/uploads/image/2020/07/09/20200709279027_nwaHpM.jpg
[2020-08-08 16:10:14,096 INFO] 爬取图片+1
[2020-08-08 16:10:14,097 INFO] 爬取表情包：按头杀|http://img.doutula.com/production/uploads/image/2020/07/09/20200709279027_NEyozm.jpg
[2020-08-08 16:10:15,260 INFO] 爬取图片+1
[2020-08-08 16:10:15,260 INFO] 爬取表情包：按头杀|http://img.doutula.com/production/uploads/image/2020/07/09/20200709279027_dxjJUi.jpg
[2020-08-08 16:10:15,935 INFO] 爬取图片+1
[2020-08-08 16:10:15,936 ERROR] None
[2020-08-08 16:10:15,936 ERROR] None
[2020-08-08 16:10:15,937 ERROR] None
[2020-08-08 16:10:15,937 ERROR] None
[2020-08-08 16:10:18,560 INFO] 爬取表情包：如果历史是一群喵|http://img.doutula.com/production/uploads/image/2020/07/07/20200707106228_iVEbOl.jpg
[2020-08-08 16:10:18,753 INFO] 爬取图片+1
[2020-08-08 16:10:18,753 INFO] 爬取表情包：如果历史是一群喵|http://img.doutula.com/production/uploads/image/2020/07/07/20200707106229_YdXkxP.jpg
[2020-08-08 16:10:18,995 INFO] 爬取图片+1
[2020-08-08 16:10:18,995 INFO] 爬取表情包：如果历史是一群喵|http://img.doutula.com/production/uploads/image/2020/07/07/20200707106229_PnTljc.jpg
[2020-08-08 16:10:19,213 INFO] 爬取图片+1
[2020-08-08 16:10:19,214 INFO] 爬取表情包：如果历史是一群喵|http://img.doutula.com/production/uploads/image/2020/07/07/20200707106229_tIMomg.jpg
[2020-08-08 16:10:19,471 INFO] 爬取图片+1
[2020-08-08 16:10:19,471 INFO] 爬取表情包：猫和老鼠|http://img.doutula.com/production/uploads/image/2020/07/06/20200706019826_WjZGwh.jpeg
[2020-08-08 16:10:19,725 INFO] 爬取图片+1
[2020-08-08 16:10:19,725 INFO] 爬取表情包：猫和老鼠|http://img.doutula.com/production/uploads/image/2020/07/06/20200706019827_NeuvxS.png
[2020-08-08 16:10:20,156 INFO] 爬取图片+1
[2020-08-08 16:10:20,156 INFO] 爬取表情包：猫和老鼠|http://img.doutula.com/production/uploads/image/2020/07/06/20200706019827_DABmWq.jpg
[2020-08-08 16:10:20,359 INFO] 爬取图片+1
[2020-08-08 16:10:20,360 INFO] 爬取表情包：猫和老鼠|http://img.doutula.com/production/uploads/image/2020/07/06/20200706019827_xgcnCF.jpg
[2020-08-08 16:10:20,570 INFO] 爬取图片+1
[2020-08-08 16:10:20,570 INFO] 爬取表情包：狼人杀 Werewolf kill|http://img.doutula.com/production/uploads/image/2020/07/05/20200705933423_CmiotA.JPG
[2020-08-08 16:10:20,845 INFO] 爬取图片+1
[2020-08-08 16:10:20,845 INFO] 爬取表情包：狼人杀 Werewolf kill|http://img.doutula.com/production/uploads/image/2020/07/05/20200705933423_tWJuBd.jpg
[2020-08-08 16:10:22,914 INFO] 爬取图片+1
[2020-08-08 16:10:22,914 INFO] 爬取表情包：狼人杀 Werewolf kill|http://img.doutula.com/production/uploads/image/2020/07/05/20200705933423_WfQFxd.jpg
[2020-08-08 16:10:23,572 INFO] 爬取图片+1
[2020-08-08 16:10:23,572 INFO] 爬取表情包：狼人杀 Werewolf kill|http://img.doutula.com/production/uploads/image/2020/07/05/20200705933424_KtjRck.JPG
[2020-08-08 16:10:23,899 INFO] 爬取图片+1
[2020-08-08 16:10:23,899 ERROR] None
[2020-08-08 16:10:23,899 ERROR] None
[2020-08-08 16:10:23,900 ERROR] None
[2020-08-08 16:10:23,900 ERROR] None
[2020-08-08 16:10:23,901 INFO] 爬取表情包：上课|http://img.doutula.com/production/uploads/image/2020/07/03/20200703760630_fJlsqO.jpg
[2020-08-08 16:10:24,214 INFO] 爬取图片+1
[2020-08-08 16:10:24,214 INFO] 爬取表情包：上课|http://img.doutula.com/production/uploads/image/2020/07/03/20200703760630_BFhoLf.jpg
[2020-08-08 16:10:24,528 INFO] 爬取图片+1
[2020-08-08 16:10:24,528 INFO] 爬取表情包：上课|http://img.doutula.com/production/uploads/image/2020/07/03/20200703760630_YKkQdB.jpg
[2020-08-08 16:10:24,926 INFO] 爬取图片+1
[2020-08-08 16:10:24,926 INFO] 爬取表情包：上课|http://img.doutula.com/production/uploads/image/2020/07/03/20200703760631_xCIPOs.jpg
[2020-08-08 16:10:25,226 INFO] 爬取图片+1
[2020-08-08 16:10:25,227 ERROR] None
[2020-08-08 16:10:25,227 ERROR] None
[2020-08-08 16:10:25,227 ERROR] None
[2020-08-08 16:10:25,227 ERROR] None
[2020-08-08 16:10:25,227 ERROR] None
[2020-08-08 16:10:25,227 ERROR] None
[2020-08-08 16:10:25,227 ERROR] None
[2020-08-08 16:10:25,227 ERROR] None
[2020-08-08 16:10:25,228 ERROR] None
[2020-08-08 16:10:25,228 ERROR] None
[2020-08-08 16:10:25,228 ERROR] None
[2020-08-08 16:10:25,228 ERROR] None
[2020-08-08 16:10:25,228 INFO] 爬取表情包：困|http://img.doutula.com/production/uploads/image/2020/06/29/20200629415028_PpMzXW.jpg
[2020-08-08 16:10:25,473 INFO] 爬取图片+1
[2020-08-08 16:10:25,473 INFO] 爬取表情包：困|http://img.doutula.com/production/uploads/image/2020/06/29/20200629415028_mWqjxS.jpg
[2020-08-08 16:10:25,646 INFO] 爬取图片+1
[2020-08-08 16:10:25,647 INFO] 爬取表情包：困|http://img.doutula.com/production/uploads/image/2020/06/29/20200629415028_uWHjdA.jpg
[2020-08-08 16:10:25,827 INFO] 爬取图片+1
[2020-08-08 16:10:25,827 INFO] 爬取表情包：困|http://img.doutula.com/production/uploads/image/2020/06/29/20200629415028_eJZzHc.jpg
[2020-08-08 16:10:25,981 INFO] 爬取图片+1
[2020-08-08 16:10:25,981 INFO] 爬取表情包：我要我要充钱|http://img.doutula.com/production/uploads/image/2020/06/28/20200628328623_iMlwyf.png
[2020-08-08 16:10:26,155 INFO] 爬取图片+1
[2020-08-08 16:10:26,155 INFO] 爬取表情包：我要我要充钱|http://img.doutula.com/production/uploads/image/2020/06/28/20200628328623_UnIFsV.png
[2020-08-08 16:10:26,409 INFO] 爬取图片+1
[2020-08-08 16:10:26,409 INFO] 爬取表情包：我要我要充钱|http://img.doutula.com/production/uploads/image/2020/06/28/20200628328623_bVvCdw.png
[2020-08-08 16:10:26,766 INFO] 爬取图片+1
[2020-08-08 16:10:26,767 INFO] 爬取表情包：我要我要充钱|http://img.doutula.com/production/uploads/image/2020/06/28/20200628328623_dFpbSn.png
[2020-08-08 16:10:26,968 INFO] 爬取图片+1
[2020-08-08 16:11:01,102 INFO] 爬取表情包：就你话多|http://img.doutula.com/production/uploads/image/2020/08/08/20200808871023_JegZcK.jpg
[2020-08-08 16:11:01,518 INFO] 爬取图片+1
[2020-08-08 16:11:01,519 INFO] 爬取表情包：就你话多|http://img.doutula.com/production/uploads/image/2020/08/08/20200808871023_GENYxi.jpg
[2020-08-08 16:11:01,836 INFO] 爬取图片+1
[2020-08-08 16:11:01,837 INFO] 爬取表情包：就你话多|http://img.doutula.com/production/uploads/image/2020/08/08/20200808871023_OnZJrU.jpg
[2020-08-08 16:11:02,224 INFO] 爬取图片+1
[2020-08-08 16:11:02,224 INFO] 爬取表情包：就你话多|http://img.doutula.com/production/uploads/image/2020/08/08/20200808871023_JxFHPR.jpg
[2020-08-08 16:11:02,517 INFO] 爬取图片+1
[2020-08-08 16:11:02,517 INFO] 爬取表情包：对不起|http://img.doutula.com/production/uploads/image/2020/08/07/20200807784627_WbaqSV.jpg
[2020-08-08 16:11:02,896 INFO] 爬取图片+1
[2020-08-08 16:11:02,896 INFO] 爬取表情包：对不起|http://img.doutula.com/production/uploads/image/2020/08/07/20200807784627_REPlVY.jpg
[2020-08-08 16:11:03,188 INFO] 爬取图片+1
[2020-08-08 16:11:03,189 INFO] 爬取表情包：对不起|http://img.doutula.com/production/uploads/image/2020/08/07/20200807784628_zRHpTe.jpg
[2020-08-08 16:11:03,477 INFO] 爬取图片+1
[2020-08-08 16:11:03,477 INFO] 爬取表情包：对不起|http://img.doutula.com/production/uploads/image/2020/08/07/20200807784628_FGjqAC.jpg
[2020-08-08 16:11:03,772 INFO] 爬取图片+1
[2020-08-08 16:11:03,772 INFO] 爬取表情包：开枪|http://img.doutula.com/production/uploads/image/2020/08/06/20200806698227_PvGZlj.png
[2020-08-08 16:11:03,908 INFO] 爬取图片+1
[2020-08-08 16:11:03,908 ERROR] None
[2020-08-08 16:11:03,908 INFO] 爬取表情包：开枪|http://img.doutula.com/production/uploads/image/2020/08/06/20200806698227_glcYIr.png
[2020-08-08 16:11:04,136 INFO] 爬取图片+1
[2020-08-08 16:11:04,137 INFO] 爬取表情包：开枪|http://img.doutula.com/production/uploads/image/2020/08/06/20200806698227_TBdoFh.png
[2020-08-08 16:11:04,333 INFO] 爬取图片+1
[2020-08-08 16:11:04,333 INFO] 爬取表情包：土味情话|http://img.doutula.com/production/uploads/image/2020/08/05/20200805611823_WiCqYz.jpg
[2020-08-08 16:11:05,523 INFO] 爬取图片+1
[2020-08-08 16:11:05,524 INFO] 爬取表情包：土味情话|http://img.doutula.com/production/uploads/image/2020/08/05/20200805611823_neHcEZ.jpg
[2020-08-08 16:11:05,762 INFO] 爬取图片+1
[2020-08-08 16:11:05,762 INFO] 爬取表情包：土味情话|http://img.doutula.com/production/uploads/image/2020/08/05/20200805611823_lBMAgn.jpg
[2020-08-08 16:11:05,882 INFO] 爬取图片+1
[2020-08-08 16:11:05,882 INFO] 爬取表情包：土味情话|http://img.doutula.com/production/uploads/image/2020/08/05/20200805611823_WvBDSG.jpg
[2020-08-08 16:11:06,113 INFO] 爬取图片+1
[2020-08-08 16:11:06,114 INFO] 爬取表情包：打一架|http://img.doutula.com/production/uploads/image/2020/08/03/20200803439023_chksbP.jpg
[2020-08-08 16:11:06,468 INFO] 爬取图片+1
[2020-08-08 16:11:06,468 INFO] 爬取表情包：打一架|http://img.doutula.com/production/uploads/image/2020/08/03/20200803439023_zDXiac.jpg
[2020-08-08 16:11:06,797 INFO] 爬取图片+1
[2020-08-08 16:11:06,798 INFO] 爬取表情包：打一架|http://img.doutula.com/production/uploads/image/2020/08/03/20200803439023_mkQRwU.jpg
[2020-08-08 16:11:07,086 INFO] 爬取图片+1
[2020-08-08 16:11:07,086 INFO] 爬取表情包：打一架|http://img.doutula.com/production/uploads/image/2020/08/03/20200803439024_trvzhg.jpg
[2020-08-08 16:11:07,400 INFO] 爬取图片+1
[2020-08-08 16:11:07,401 INFO] 爬取表情包：反迷你表情，他来了|http://img.doutula.com/production/uploads/image/2020/08/02/20200802352622_YjKTgk.png
[2020-08-08 16:11:08,349 INFO] 爬取图片+1
[2020-08-08 16:11:08,350 INFO] 爬取表情包：反迷你表情，他来了|http://img.doutula.com/production/uploads/image/2020/08/02/20200802352623_ArCtUc.png
[2020-08-08 16:11:09,353 INFO] 爬取图片+1
[2020-08-08 16:11:09,354 INFO] 爬取表情包：反迷你表情，他来了|http://img.doutula.com/production/uploads/image/2020/08/02/20200802352623_EoQCeY.png
[2020-08-08 16:11:09,640 INFO] 爬取图片+1
[2020-08-08 16:11:09,641 INFO] 爬取表情包：反迷你表情，他来了|http://img.doutula.com/production/uploads/image/2020/08/02/20200802352623_NKCMXc.png
[2020-08-08 16:11:13,046 INFO] 爬取图片+1
[2020-08-08 16:11:13,047 INFO] 爬取表情包：墨镜棒|http://img.doutula.com/production/uploads/image/2020/08/01/20200801266223_wEjrtG.jpg
[2020-08-08 16:11:13,167 INFO] 爬取图片+1
[2020-08-08 16:11:13,168 INFO] 爬取表情包：墨镜棒|http://img.doutula.com/production/uploads/image/2020/08/01/20200801266224_NlKIPm.jpg
[2020-08-08 16:11:13,305 INFO] 爬取图片+1
[2020-08-08 16:11:13,306 INFO] 爬取表情包：墨镜棒|http://img.doutula.com/production/uploads/image/2020/08/01/20200801266224_qTFBQg.jpg
[2020-08-08 16:11:13,469 INFO] 爬取图片+1
[2020-08-08 16:11:13,469 INFO] 爬取表情包：墨镜棒|http://img.doutula.com/production/uploads/image/2020/08/01/20200801266224_LCmUqV.jpg
[2020-08-08 16:11:13,626 INFO] 爬取图片+1
[2020-08-08 16:11:13,626 INFO] 爬取表情包：坤黑的日常|http://img.doutula.com/production/uploads/image/2020/07/31/20200731179827_lhEwjY.png
[2020-08-08 16:11:13,887 INFO] 爬取图片+1
[2020-08-08 16:11:13,887 INFO] 爬取表情包：坤黑的日常|http://img.doutula.com/production/uploads/image/2020/07/31/20200731179827_ZYLkFV.png
[2020-08-08 16:11:14,107 INFO] 爬取图片+1
[2020-08-08 16:11:14,108 INFO] 爬取表情包：坤黑的日常|http://img.doutula.com/production/uploads/image/2020/07/31/20200731179827_mktOes.png
[2020-08-08 16:11:14,307 INFO] 爬取图片+1
[2020-08-08 16:11:14,307 INFO] 爬取表情包：坤黑的日常|http://img.doutula.com/production/uploads/image/2020/07/31/20200731179827_afHtWK.png
[2020-08-08 16:11:14,476 INFO] 爬取图片+1
[2020-08-08 16:11:14,476 INFO] 爬取表情包：坦克表情包|http://img.doutula.com/production/uploads/image/2020/07/30/20200730093426_hEIBPK.png
[2020-08-08 16:11:14,852 INFO] 爬取图片+1
[2020-08-08 16:11:14,853 INFO] 爬取表情包：坦克表情包|http://img.doutula.com/production/uploads/image/2020/07/30/20200730093427_qzuopd.png
[2020-08-08 16:11:15,494 INFO] 爬取图片+1
[2020-08-08 16:11:15,494 INFO] 爬取表情包：坦克表情包|http://img.doutula.com/production/uploads/image/2020/07/30/20200730093427_TcPJnD.png
[2020-08-08 16:11:16,378 INFO] 爬取图片+1
[2020-08-08 16:11:16,378 INFO] 爬取表情包：坦克表情包|http://img.doutula.com/production/uploads/image/2020/07/30/20200730093427_oaAGeR.png
[2020-08-08 16:11:16,875 INFO] 爬取图片+1
[2020-08-08 16:11:16,876 ERROR] None
[2020-08-08 16:11:16,876 ERROR] None
[2020-08-08 16:11:16,876 ERROR] None
[2020-08-08 16:11:16,876 ERROR] None
